<?xml version="1.0" encoding="UTF-8"?>
<!-- Generated by org.testng.reporters.JUnitXMLReporter -->
<testsuite ignored="0" hostname="LAPTOP-22L1U9C2" failures="0" tests="3" name="Default test" time="0.111" errors="0" timestamp="2022-06-23T22:39:34 IST">
  <testcase classname="testNgKeywords.DependsOnMethodUse" name="c" time="0.014"/>
  <testcase classname="testNgKeywords.DependsOnMethodUse" name="a" time="0.004"/>
  <testcase classname="testNgKeywords.DependsOnMethodUse" name="b" time="0.003"/>
</testsuite> <!-- Default test -->
