<?xml version="1.0" encoding="UTF-8"?>
<!-- Generated by org.testng.reporters.JUnitXMLReporter -->
<testsuite ignored="2" hostname="LAPTOP-22L1U9C2" failures="0" tests="1" name="Test(failed)(failed)" time="0.071" errors="0" timestamp="2022-07-17T19:58:45 IST">
  <testcase classname="testNgKeywords.NewTest2" name="y" time="0.012"/>
  <testcase classname="testNgKeywords.NewTest2" name="x" time="0.0">
    <ignored/>
  </testcase> <!-- x -->
  <testcase classname="testNgKeywords.NewTest2" name="z" time="0.0">
    <ignored/>
  </testcase> <!-- z -->
</testsuite> <!-- Test(failed)(failed) -->
