<?xml version="1.0" encoding="UTF-8"?>
<!-- Generated by org.testng.reporters.JUnitXMLReporter -->
<testsuite ignored="1" hostname="LAPTOP-22L1U9C2" failures="0" tests="3" name="Test" time="0.094" errors="0" timestamp="2022-07-07T14:54:17 IST">
  <testcase classname="testNgKeywords.NewTest3" name="x" time="0.011"/>
  <testcase classname="testNgKeywords.NewTest4" name="a" time="0.002"/>
  <testcase classname="testNgKeywords.NewTest4" name="b" time="0.003"/>
  <testcase classname="testNgKeywords.NewTest3" name="y" time="0.0">
    <ignored/>
  </testcase> <!-- y -->
</testsuite> <!-- Test -->
