<?xml version="1.0" encoding="UTF-8"?>
<!-- Generated by org.testng.reporters.JUnitXMLReporter -->
<testsuite ignored="4" hostname="LAPTOP-22L1U9C2" failures="1" tests="2" name="Test(failed)" time="0.087" errors="0" timestamp="2022-07-17T19:58:00 IST">
  <testcase classname="testNgKeywords.NewTest2" name="y" time="0.013">
    <failure type="java.lang.AssertionError" message="null">
      <![CDATA[java.lang.AssertionError: null
at testNgKeywords.NewTest2.y(NewTest2.java:17)
at java.base/java.util.ArrayList.forEach(ArrayList.java:1541)
... Removed 29 stack frames]]>
    </failure>
  </testcase> <!-- y -->
  <testcase classname="testNgKeywords.NewTest1" name="b" time="0.005"/>
  <testcase classname="testNgKeywords.NewTest1" name="a" time="0.0">
    <ignored/>
  </testcase> <!-- a -->
  <testcase classname="testNgKeywords.NewTest1" name="c" time="0.0">
    <ignored/>
  </testcase> <!-- c -->
  <testcase classname="testNgKeywords.NewTest2" name="x" time="0.0">
    <ignored/>
  </testcase> <!-- x -->
  <testcase classname="testNgKeywords.NewTest2" name="z" time="0.0">
    <ignored/>
  </testcase> <!-- z -->
</testsuite> <!-- Test(failed) -->
