<?xml version="1.0" encoding="UTF-8"?>
<testng-results ignored="1" total="4" passed="3" failed="0" skipped="0">
  <reporter-output>
    <line>
      <![CDATA[x Method]]>
    </line>
    <line>
      <![CDATA[a Method]]>
    </line>
    <line>
      <![CDATA[b Method]]>
    </line>
  </reporter-output>
  <suite started-at="2022-07-07T14:54:17 IST" name="Suite" finished-at="2022-07-07T14:54:17 IST" duration-ms="94">
    <groups>
      <group name="Regression">
        <method signature="NewTest3.x()[pri:0, instance:testNgKeywords.NewTest3@3a44431a]" name="x" class="testNgKeywords.NewTest3"/>
        <method signature="NewTest4.a()[pri:0, instance:testNgKeywords.NewTest4@61001b64]" name="a" class="testNgKeywords.NewTest4"/>
        <method signature="NewTest4.b()[pri:0, instance:testNgKeywords.NewTest4@61001b64]" name="b" class="testNgKeywords.NewTest4"/>
      </group> <!-- Regression -->
    </groups>
    <test started-at="2022-07-07T14:54:17 IST" name="Test" finished-at="2022-07-07T14:54:17 IST" duration-ms="94">
      <class name="testNgKeywords.NewTest4">
        <test-method signature="a()[pri:0, instance:testNgKeywords.NewTest4@61001b64]" started-at="2022-07-07T14:54:17 IST" name="a" finished-at="2022-07-07T14:54:17 IST" duration-ms="2" status="PASS">
          <reporter-output>
            <line>
              <![CDATA[a Method]]>
            </line>
          </reporter-output>
        </test-method> <!-- a -->
        <test-method signature="b()[pri:0, instance:testNgKeywords.NewTest4@61001b64]" started-at="2022-07-07T14:54:17 IST" name="b" finished-at="2022-07-07T14:54:17 IST" duration-ms="3" status="PASS">
          <reporter-output>
            <line>
              <![CDATA[b Method]]>
            </line>
          </reporter-output>
        </test-method> <!-- b -->
      </class> <!-- testNgKeywords.NewTest4 -->
      <class name="testNgKeywords.NewTest3">
        <test-method signature="x()[pri:0, instance:testNgKeywords.NewTest3@3a44431a]" started-at="2022-07-07T14:54:17 IST" name="x" finished-at="2022-07-07T14:54:17 IST" duration-ms="11" status="PASS">
          <reporter-output>
            <line>
              <![CDATA[x Method]]>
            </line>
          </reporter-output>
        </test-method> <!-- x -->
      </class> <!-- testNgKeywords.NewTest3 -->
    </test> <!-- Test -->
  </suite> <!-- Suite -->
</testng-results>
